mode: atomic
github.com/andrenormanlang/admin-app/app.go:30.91,46.2 8 0
github.com/andrenormanlang/admin-app/image.go:31.103,32.30 1 0
github.com/andrenormanlang/admin-app/image.go:32.30,35.17 3 0
github.com/andrenormanlang/admin-app/image.go:35.17,38.4 2 0
github.com/andrenormanlang/admin-app/image.go:40.3,42.30 3 0
github.com/andrenormanlang/admin-app/image.go:42.30,44.4 1 0
github.com/andrenormanlang/admin-app/image.go:47.3,48.27 2 0
github.com/andrenormanlang/admin-app/image.go:48.27,51.4 2 0
github.com/andrenormanlang/admin-app/image.go:52.3,53.18 2 0
github.com/andrenormanlang/admin-app/image.go:53.18,56.4 2 0
github.com/andrenormanlang/admin-app/image.go:57.3,58.111 2 0
github.com/andrenormanlang/admin-app/image.go:58.111,61.4 2 0
github.com/andrenormanlang/admin-app/image.go:63.3,64.17 2 0
github.com/andrenormanlang/admin-app/image.go:64.17,67.4 2 0
github.com/andrenormanlang/admin-app/image.go:69.3,72.60 3 0
github.com/andrenormanlang/admin-app/image.go:72.60,75.4 2 0
github.com/andrenormanlang/admin-app/image.go:77.3,80.17 4 0
github.com/andrenormanlang/admin-app/image.go:80.17,83.4 2 0
github.com/andrenormanlang/admin-app/image.go:87.3,88.17 2 0
github.com/andrenormanlang/admin-app/image.go:88.17,91.18 3 0
github.com/andrenormanlang/admin-app/image.go:91.18,93.5 1 0
github.com/andrenormanlang/admin-app/image.go:94.4,94.10 1 0
github.com/andrenormanlang/admin-app/image.go:97.3,99.5 1 0
github.com/andrenormanlang/admin-app/post.go:13.68,14.30 1 0
github.com/andrenormanlang/admin-app/post.go:14.30,17.56 2 0
github.com/andrenormanlang/admin-app/post.go:17.56,23.4 2 0
github.com/andrenormanlang/admin-app/post.go:25.3,26.17 2 0
github.com/andrenormanlang/admin-app/post.go:26.17,32.4 2 0
github.com/andrenormanlang/admin-app/post.go:34.3,35.17 2 0
github.com/andrenormanlang/admin-app/post.go:35.17,42.4 3 0
github.com/andrenormanlang/admin-app/post.go:44.3,49.5 1 0
github.com/andrenormanlang/admin-app/post.go:54.69,55.30 1 0
github.com/andrenormanlang/admin-app/post.go:55.30,60.17 4 0
github.com/andrenormanlang/admin-app/post.go:60.17,67.4 3 0
github.com/andrenormanlang/admin-app/post.go:69.3,74.17 2 0
github.com/andrenormanlang/admin-app/post.go:74.17,81.4 3 0
github.com/andrenormanlang/admin-app/post.go:83.3,85.5 1 0
github.com/andrenormanlang/admin-app/post.go:89.68,90.30 1 0
github.com/andrenormanlang/admin-app/post.go:90.30,96.17 5 0
github.com/andrenormanlang/admin-app/post.go:96.17,103.4 3 0
github.com/andrenormanlang/admin-app/post.go:105.3,111.17 2 0
github.com/andrenormanlang/admin-app/post.go:111.17,118.4 3 0
github.com/andrenormanlang/admin-app/post.go:120.3,122.5 1 0
github.com/andrenormanlang/admin-app/post.go:126.71,127.30 1 0
github.com/andrenormanlang/admin-app/post.go:127.30,133.17 5 0
github.com/andrenormanlang/admin-app/post.go:133.17,140.4 3 0
github.com/andrenormanlang/admin-app/post.go:142.3,143.17 2 0
github.com/andrenormanlang/admin-app/post.go:143.17,150.4 3 0
github.com/andrenormanlang/admin-app/post.go:152.3,154.5 1 0
github.com/andrenormanlang/app/app.go:20.91,38.2 10 0
github.com/andrenormanlang/app/app.go:40.162,42.34 1 0
github.com/andrenormanlang/app/app.go:42.34,45.17 2 0
github.com/andrenormanlang/app/app.go:45.17,48.4 2 0
github.com/andrenormanlang/app/app.go:51.3,52.17 2 0
github.com/andrenormanlang/app/app.go:52.17,60.4 3 0
github.com/andrenormanlang/app/app.go:63.3,64.17 2 0
github.com/andrenormanlang/app/app.go:64.17,66.4 1 0
github.com/andrenormanlang/app/app.go:67.3,67.65 1 0
github.com/andrenormanlang/app/app.go:71.2,71.21 1 0
github.com/andrenormanlang/app/app.go:71.21,73.3 1 0
github.com/andrenormanlang/app/app.go:74.2,74.22 1 0
github.com/andrenormanlang/app/app.go:74.22,76.3 1 0
github.com/andrenormanlang/app/app.go:77.2,77.24 1 0
github.com/andrenormanlang/app/app.go:77.24,79.3 1 0
github.com/andrenormanlang/app/app.go:80.2,80.21 1 0
github.com/andrenormanlang/app/app.go:80.21,82.3 1 0
github.com/andrenormanlang/app/app.go:87.101,89.56 2 0
github.com/andrenormanlang/app/app.go:89.56,91.28 2 0
github.com/andrenormanlang/app/app.go:91.28,93.4 1 0
github.com/andrenormanlang/app/app.go:93.9,95.4 1 0
github.com/andrenormanlang/app/app.go:97.2,101.16 4 0
github.com/andrenormanlang/app/app.go:101.16,103.3 1 0
github.com/andrenormanlang/app/app.go:106.2,110.16 4 0
github.com/andrenormanlang/app/app.go:110.16,113.3 2 0
github.com/andrenormanlang/app/app.go:115.2,115.33 1 0
github.com/andrenormanlang/app/cache.go:21.41,23.2 1 0
github.com/andrenormanlang/app/cache.go:37.68,40.2 1 0
github.com/andrenormanlang/app/cache.go:49.66,52.37 2 0
github.com/andrenormanlang/app/cache.go:52.37,54.3 1 0
github.com/andrenormanlang/app/cache.go:56.2,63.12 4 0
github.com/andrenormanlang/app/cache.go:66.66,69.25 2 0
github.com/andrenormanlang/app/cache.go:69.25,73.47 2 0
github.com/andrenormanlang/app/cache.go:73.47,75.4 1 0
github.com/andrenormanlang/app/cache.go:75.9,78.4 2 0
github.com/andrenormanlang/app/cache.go:81.2,81.71 1 0
github.com/andrenormanlang/app/cache.go:84.40,86.2 1 0
github.com/andrenormanlang/app/cache.go:88.93,95.2 1 0
github.com/andrenormanlang/app/contact.go:15.50,16.30 1 0
github.com/andrenormanlang/app/contact.go:16.30,17.47 1 0
github.com/andrenormanlang/app/contact.go:17.47,19.100 2 0
github.com/andrenormanlang/app/contact.go:19.100,21.5 1 0
github.com/andrenormanlang/app/contact.go:22.4,22.10 1 0
github.com/andrenormanlang/app/contact.go:25.3,31.17 5 0
github.com/andrenormanlang/app/contact.go:31.17,33.96 2 0
github.com/andrenormanlang/app/contact.go:33.96,35.5 1 0
github.com/andrenormanlang/app/contact.go:36.4,36.10 1 0
github.com/andrenormanlang/app/contact.go:40.3,40.22 1 0
github.com/andrenormanlang/app/contact.go:40.22,41.116 1 0
github.com/andrenormanlang/app/contact.go:41.116,43.5 1 0
github.com/andrenormanlang/app/contact.go:44.4,44.10 1 0
github.com/andrenormanlang/app/contact.go:47.3,47.27 1 0
github.com/andrenormanlang/app/contact.go:47.27,48.120 1 0
github.com/andrenormanlang/app/contact.go:48.120,50.5 1 0
github.com/andrenormanlang/app/contact.go:51.4,51.10 1 0
github.com/andrenormanlang/app/contact.go:54.3,54.88 1 0
github.com/andrenormanlang/app/contact.go:54.88,56.4 1 0
github.com/andrenormanlang/app/contact.go:61.108,64.58 3 0
github.com/andrenormanlang/app/contact.go:64.58,66.3 1 0
github.com/andrenormanlang/app/contact.go:68.2,68.33 1 0
github.com/andrenormanlang/app/post.go:21.33,33.2 7 0
github.com/andrenormanlang/app/post.go:35.111,39.55 2 0
github.com/andrenormanlang/app/post.go:39.55,41.3 1 0
github.com/andrenormanlang/app/post.go:44.2,45.16 2 0
github.com/andrenormanlang/app/post.go:45.16,47.3 1 0
github.com/andrenormanlang/app/post.go:49.2,50.16 2 0
github.com/andrenormanlang/app/post.go:50.16,52.3 1 0
github.com/andrenormanlang/app/post.go:55.2,58.56 4 0
github.com/andrenormanlang/app/post.go:58.56,60.3 1 0
github.com/andrenormanlang/app/post.go:62.2,62.33 1 0
github.com/andrenormanlang/app/renderer.go:10.73,13.2 2 0
github.com/andrenormanlang/cmd/cmsgo-admin/main.go:15.13,33.16 5 0
github.com/andrenormanlang/cmd/cmsgo-admin/main.go:33.16,36.3 2 0
github.com/andrenormanlang/cmd/cmsgo-admin/main.go:38.2,42.36 3 0
github.com/andrenormanlang/cmd/cmsgo-admin/main.go:42.36,44.2 1 0
github.com/andrenormanlang/cmd/cmsgo-admin/main.go:46.2,47.16 2 0
github.com/andrenormanlang/cmd/cmsgo-admin/main.go:47.16,50.3 2 0
github.com/andrenormanlang/cmd/cmsgo/main.go:15.13,20.26 4 0
github.com/andrenormanlang/cmd/cmsgo/main.go:20.26,23.17 3 0
github.com/andrenormanlang/cmd/cmsgo/main.go:23.17,26.4 2 0
github.com/andrenormanlang/cmd/cmsgo/main.go:28.3,28.26 1 0
github.com/andrenormanlang/cmd/cmsgo/main.go:29.8,32.17 3 0
github.com/andrenormanlang/cmd/cmsgo/main.go:32.17,35.4 2 0
github.com/andrenormanlang/cmd/cmsgo/main.go:36.3,36.26 1 0
github.com/andrenormanlang/cmd/cmsgo/main.go:39.2,46.16 2 0
github.com/andrenormanlang/cmd/cmsgo/main.go:46.16,49.3 2 0
github.com/andrenormanlang/cmd/cmsgo/main.go:51.2,53.36 2 0
github.com/andrenormanlang/cmd/cmsgo/main.go:53.36,55.2 1 0
github.com/andrenormanlang/cmd/cmsgo/main.go:57.2,59.16 3 0
github.com/andrenormanlang/cmd/cmsgo/main.go:59.16,62.3 2 0
github.com/andrenormanlang/common/app_settings.go:21.42,24.32 2 0
github.com/andrenormanlang/common/app_settings.go:24.32,26.3 1 0
github.com/andrenormanlang/common/app_settings.go:28.2,29.29 2 0
github.com/andrenormanlang/common/app_settings.go:29.29,31.3 1 0
github.com/andrenormanlang/common/app_settings.go:33.2,34.33 2 0
github.com/andrenormanlang/common/app_settings.go:34.33,36.3 1 0
github.com/andrenormanlang/common/app_settings.go:38.2,39.29 2 0
github.com/andrenormanlang/common/app_settings.go:39.29,41.3 1 0
github.com/andrenormanlang/common/app_settings.go:43.2,44.33 2 0
github.com/andrenormanlang/common/app_settings.go:44.33,46.3 1 0
github.com/andrenormanlang/common/app_settings.go:48.2,49.16 2 0
github.com/andrenormanlang/common/app_settings.go:49.16,51.3 1 0
github.com/andrenormanlang/common/app_settings.go:53.2,54.30 2 0
github.com/andrenormanlang/common/app_settings.go:54.30,56.3 1 0
github.com/andrenormanlang/common/app_settings.go:58.2,59.16 2 0
github.com/andrenormanlang/common/app_settings.go:59.16,61.3 1 0
github.com/andrenormanlang/common/app_settings.go:63.2,64.31 2 0
github.com/andrenormanlang/common/app_settings.go:64.31,66.3 1 0
github.com/andrenormanlang/common/app_settings.go:68.2,76.8 1 0
github.com/andrenormanlang/common/app_settings.go:79.59,82.16 3 9
github.com/andrenormanlang/common/app_settings.go:82.16,84.3 1 8
github.com/andrenormanlang/common/app_settings.go:86.2,86.20 1 1
github.com/andrenormanlang/common/logger.go:10.20,13.2 2 0
github.com/andrenormanlang/database/database.go:31.92,34.16 3 0
github.com/andrenormanlang/database/database.go:34.16,36.3 1 0
github.com/andrenormanlang/database/database.go:37.2,37.15 1 0
github.com/andrenormanlang/database/database.go:37.15,39.3 1 0
github.com/andrenormanlang/database/database.go:41.2,41.18 1 0
github.com/andrenormanlang/database/database.go:41.18,43.72 2 0
github.com/andrenormanlang/database/database.go:43.72,45.4 1 0
github.com/andrenormanlang/database/database.go:46.3,46.38 1 0
github.com/andrenormanlang/database/database.go:49.2,49.23 1 0
github.com/andrenormanlang/database/database.go:53.74,55.16 2 0
github.com/andrenormanlang/database/database.go:55.16,57.3 1 0
github.com/andrenormanlang/database/database.go:58.2,58.15 1 0
github.com/andrenormanlang/database/database.go:58.15,60.3 1 0
github.com/andrenormanlang/database/database.go:62.2,63.61 2 0
github.com/andrenormanlang/database/database.go:63.61,65.3 1 0
github.com/andrenormanlang/database/database.go:67.2,67.18 1 0
github.com/andrenormanlang/database/database.go:71.90,73.16 2 0
github.com/andrenormanlang/database/database.go:73.16,75.3 1 0
github.com/andrenormanlang/database/database.go:77.2,78.16 2 0
github.com/andrenormanlang/database/database.go:78.16,81.3 2 0
github.com/andrenormanlang/database/database.go:86.2,86.21 1 0
github.com/andrenormanlang/database/database.go:92.94,94.16 2 0
github.com/andrenormanlang/database/database.go:94.16,96.3 1 0
github.com/andrenormanlang/database/database.go:97.2,97.15 1 0
github.com/andrenormanlang/database/database.go:97.15,99.3 1 0
github.com/andrenormanlang/database/database.go:101.2,101.20 1 0
github.com/andrenormanlang/database/database.go:101.20,103.17 2 0
github.com/andrenormanlang/database/database.go:103.17,105.4 1 0
github.com/andrenormanlang/database/database.go:108.2,108.22 1 0
github.com/andrenormanlang/database/database.go:108.22,110.17 2 0
github.com/andrenormanlang/database/database.go:110.17,112.4 1 0
github.com/andrenormanlang/database/database.go:115.2,115.22 1 0
github.com/andrenormanlang/database/database.go:115.22,117.17 2 0
github.com/andrenormanlang/database/database.go:117.17,119.4 1 0
github.com/andrenormanlang/database/database.go:122.2,122.35 1 0
github.com/andrenormanlang/database/database.go:122.35,124.3 1 0
github.com/andrenormanlang/database/database.go:126.2,126.12 1 0
github.com/andrenormanlang/database/database.go:132.48,133.83 1 0
github.com/andrenormanlang/database/database.go:133.83,135.3 1 0
github.com/andrenormanlang/database/database.go:137.2,137.12 1 0
github.com/andrenormanlang/database/database.go:145.82,147.16 2 0
github.com/andrenormanlang/database/database.go:147.16,149.3 1 0
github.com/andrenormanlang/database/database.go:150.2,150.15 1 0
github.com/andrenormanlang/database/database.go:150.15,152.3 1 0
github.com/andrenormanlang/database/database.go:154.2,155.16 2 0
github.com/andrenormanlang/database/database.go:155.16,157.3 1 0
github.com/andrenormanlang/database/database.go:159.2,159.15 1 0
github.com/andrenormanlang/database/database.go:159.15,161.3 1 0
github.com/andrenormanlang/database/database.go:163.2,165.16 3 0
github.com/andrenormanlang/database/database.go:165.16,167.3 1 0
github.com/andrenormanlang/database/database.go:169.2,169.35 1 0
github.com/andrenormanlang/database/database.go:169.35,171.3 1 0
github.com/andrenormanlang/database/database.go:173.2,173.12 1 0
github.com/andrenormanlang/database/database.go:176.118,181.16 3 0
github.com/andrenormanlang/database/database.go:181.16,183.3 1 0
github.com/andrenormanlang/database/database.go:185.2,185.33 1 0
github.com/andrenormanlang/database/database.go:185.33,187.3 1 0
github.com/andrenormanlang/database/database.go:189.2,198.8 4 0
github.com/andrenormanlang/tests/app_tests/cache/cache_tests.go:13.80,15.2 1 0
github.com/andrenormanlang/tests/app_tests/cache/cache_tests.go:19.81,21.2 1 0
github.com/andrenormanlang/tests/app_tests/cache/cache_tests.go:23.38,38.38 4 0
github.com/andrenormanlang/tests/app_tests/cache/cache_tests.go:38.38,48.3 7 0
github.com/andrenormanlang/tests/app_tests/cache/cache_tests.go:51.37,66.38 4 0
github.com/andrenormanlang/tests/app_tests/cache/cache_tests.go:66.38,75.3 6 0
github.com/andrenormanlang/tests/app_tests/cache/cache_tests.go:79.43,87.2 5 0
github.com/andrenormanlang/admin-app/app.go:30.91,46.2 8 1
github.com/andrenormanlang/admin-app/image.go:31.103,32.30 1 1
github.com/andrenormanlang/admin-app/image.go:32.30,35.17 3 0
github.com/andrenormanlang/admin-app/image.go:35.17,38.4 2 0
github.com/andrenormanlang/admin-app/image.go:40.3,42.30 3 0
github.com/andrenormanlang/admin-app/image.go:42.30,44.4 1 0
github.com/andrenormanlang/admin-app/image.go:47.3,48.27 2 0
github.com/andrenormanlang/admin-app/image.go:48.27,51.4 2 0
github.com/andrenormanlang/admin-app/image.go:52.3,53.18 2 0
github.com/andrenormanlang/admin-app/image.go:53.18,56.4 2 0
github.com/andrenormanlang/admin-app/image.go:57.3,58.111 2 0
github.com/andrenormanlang/admin-app/image.go:58.111,61.4 2 0
github.com/andrenormanlang/admin-app/image.go:63.3,64.17 2 0
github.com/andrenormanlang/admin-app/image.go:64.17,67.4 2 0
github.com/andrenormanlang/admin-app/image.go:69.3,72.60 3 0
github.com/andrenormanlang/admin-app/image.go:72.60,75.4 2 0
github.com/andrenormanlang/admin-app/image.go:77.3,80.17 4 0
github.com/andrenormanlang/admin-app/image.go:80.17,83.4 2 0
github.com/andrenormanlang/admin-app/image.go:87.3,88.17 2 0
github.com/andrenormanlang/admin-app/image.go:88.17,91.18 3 0
github.com/andrenormanlang/admin-app/image.go:91.18,93.5 1 0
github.com/andrenormanlang/admin-app/image.go:94.4,94.10 1 0
github.com/andrenormanlang/admin-app/image.go:97.3,99.5 1 0
github.com/andrenormanlang/admin-app/post.go:13.68,14.30 1 1
github.com/andrenormanlang/admin-app/post.go:14.30,17.56 2 0
github.com/andrenormanlang/admin-app/post.go:17.56,23.4 2 0
github.com/andrenormanlang/admin-app/post.go:25.3,26.17 2 0
github.com/andrenormanlang/admin-app/post.go:26.17,32.4 2 0
github.com/andrenormanlang/admin-app/post.go:34.3,35.17 2 0
github.com/andrenormanlang/admin-app/post.go:35.17,42.4 3 0
github.com/andrenormanlang/admin-app/post.go:44.3,49.5 1 0
github.com/andrenormanlang/admin-app/post.go:54.69,55.30 1 1
github.com/andrenormanlang/admin-app/post.go:55.30,60.17 4 1
github.com/andrenormanlang/admin-app/post.go:60.17,67.4 3 0
github.com/andrenormanlang/admin-app/post.go:69.3,74.17 2 1
github.com/andrenormanlang/admin-app/post.go:74.17,81.4 3 0
github.com/andrenormanlang/admin-app/post.go:83.3,85.5 1 1
github.com/andrenormanlang/admin-app/post.go:89.68,90.30 1 1
github.com/andrenormanlang/admin-app/post.go:90.30,96.17 5 0
github.com/andrenormanlang/admin-app/post.go:96.17,103.4 3 0
github.com/andrenormanlang/admin-app/post.go:105.3,111.17 2 0
github.com/andrenormanlang/admin-app/post.go:111.17,118.4 3 0
github.com/andrenormanlang/admin-app/post.go:120.3,122.5 1 0
github.com/andrenormanlang/admin-app/post.go:126.71,127.30 1 1
github.com/andrenormanlang/admin-app/post.go:127.30,133.17 5 0
github.com/andrenormanlang/admin-app/post.go:133.17,140.4 3 0
github.com/andrenormanlang/admin-app/post.go:142.3,143.17 2 0
github.com/andrenormanlang/admin-app/post.go:143.17,150.4 3 0
github.com/andrenormanlang/admin-app/post.go:152.3,154.5 1 0
github.com/andrenormanlang/database/database.go:31.92,34.16 3 0
github.com/andrenormanlang/database/database.go:34.16,36.3 1 0
github.com/andrenormanlang/database/database.go:37.2,37.15 1 0
github.com/andrenormanlang/database/database.go:37.15,39.3 1 0
github.com/andrenormanlang/database/database.go:41.2,41.18 1 0
github.com/andrenormanlang/database/database.go:41.18,43.72 2 0
github.com/andrenormanlang/database/database.go:43.72,45.4 1 0
github.com/andrenormanlang/database/database.go:46.3,46.38 1 0
github.com/andrenormanlang/database/database.go:49.2,49.23 1 0
github.com/andrenormanlang/database/database.go:53.74,55.16 2 0
github.com/andrenormanlang/database/database.go:55.16,57.3 1 0
github.com/andrenormanlang/database/database.go:58.2,58.15 1 0
github.com/andrenormanlang/database/database.go:58.15,60.3 1 0
github.com/andrenormanlang/database/database.go:62.2,63.61 2 0
github.com/andrenormanlang/database/database.go:63.61,65.3 1 0
github.com/andrenormanlang/database/database.go:67.2,67.18 1 0
github.com/andrenormanlang/database/database.go:71.90,73.16 2 0
github.com/andrenormanlang/database/database.go:73.16,75.3 1 0
github.com/andrenormanlang/database/database.go:77.2,78.16 2 0
github.com/andrenormanlang/database/database.go:78.16,81.3 2 0
github.com/andrenormanlang/database/database.go:86.2,86.21 1 0
github.com/andrenormanlang/database/database.go:92.94,94.16 2 0
github.com/andrenormanlang/database/database.go:94.16,96.3 1 0
github.com/andrenormanlang/database/database.go:97.2,97.15 1 0
github.com/andrenormanlang/database/database.go:97.15,99.3 1 0
github.com/andrenormanlang/database/database.go:101.2,101.20 1 0
github.com/andrenormanlang/database/database.go:101.20,103.17 2 0
github.com/andrenormanlang/database/database.go:103.17,105.4 1 0
github.com/andrenormanlang/database/database.go:108.2,108.22 1 0
github.com/andrenormanlang/database/database.go:108.22,110.17 2 0
github.com/andrenormanlang/database/database.go:110.17,112.4 1 0
github.com/andrenormanlang/database/database.go:115.2,115.22 1 0
github.com/andrenormanlang/database/database.go:115.22,117.17 2 0
github.com/andrenormanlang/database/database.go:117.17,119.4 1 0
github.com/andrenormanlang/database/database.go:122.2,122.35 1 0
github.com/andrenormanlang/database/database.go:122.35,124.3 1 0
github.com/andrenormanlang/database/database.go:126.2,126.12 1 0
github.com/andrenormanlang/database/database.go:132.48,133.83 1 0
github.com/andrenormanlang/database/database.go:133.83,135.3 1 0
github.com/andrenormanlang/database/database.go:137.2,137.12 1 0
github.com/andrenormanlang/database/database.go:145.82,147.16 2 0
github.com/andrenormanlang/database/database.go:147.16,149.3 1 0
github.com/andrenormanlang/database/database.go:150.2,150.15 1 0
github.com/andrenormanlang/database/database.go:150.15,152.3 1 0
github.com/andrenormanlang/database/database.go:154.2,155.16 2 0
github.com/andrenormanlang/database/database.go:155.16,157.3 1 0
github.com/andrenormanlang/database/database.go:159.2,159.15 1 0
github.com/andrenormanlang/database/database.go:159.15,161.3 1 0
github.com/andrenormanlang/database/database.go:163.2,165.16 3 0
github.com/andrenormanlang/database/database.go:165.16,167.3 1 0
github.com/andrenormanlang/database/database.go:169.2,169.35 1 0
github.com/andrenormanlang/database/database.go:169.35,171.3 1 0
github.com/andrenormanlang/database/database.go:173.2,173.12 1 0
github.com/andrenormanlang/database/database.go:176.118,181.16 3 0
github.com/andrenormanlang/database/database.go:181.16,183.3 1 0
github.com/andrenormanlang/database/database.go:185.2,185.33 1 0
github.com/andrenormanlang/database/database.go:185.33,187.3 1 0
github.com/andrenormanlang/database/database.go:189.2,198.8 4 0
github.com/andrenormanlang/tests/mocks/mocks.go:14.79,16.2 1 0
github.com/andrenormanlang/tests/mocks/mocks.go:18.66,20.2 1 0
github.com/andrenormanlang/tests/mocks/mocks.go:22.91,24.2 1 1
github.com/andrenormanlang/tests/mocks/mocks.go:26.95,28.2 1 0
github.com/andrenormanlang/tests/mocks/mocks.go:30.49,32.2 1 0
github.com/andrenormanlang/tests/mocks/mocks.go:34.63,36.2 1 0
github.com/andrenormanlang/tests/mocks/mocks.go:14.79,16.2 1 0
github.com/andrenormanlang/tests/mocks/mocks.go:18.66,20.2 1 0
github.com/andrenormanlang/tests/mocks/mocks.go:22.91,24.2 1 0
github.com/andrenormanlang/tests/mocks/mocks.go:26.95,28.2 1 0
github.com/andrenormanlang/tests/mocks/mocks.go:30.49,32.2 1 0
github.com/andrenormanlang/tests/mocks/mocks.go:34.63,36.2 1 0
github.com/andrenormanlang/app/app.go:20.91,38.2 10 3
github.com/andrenormanlang/app/app.go:40.162,42.34 1 12
github.com/andrenormanlang/app/app.go:42.34,45.17 2 3
github.com/andrenormanlang/app/app.go:45.17,48.4 2 0
github.com/andrenormanlang/app/app.go:51.3,52.17 2 3
github.com/andrenormanlang/app/app.go:52.17,60.4 3 1
github.com/andrenormanlang/app/app.go:63.3,64.17 2 2
github.com/andrenormanlang/app/app.go:64.17,66.4 1 0
github.com/andrenormanlang/app/app.go:67.3,67.65 1 2
github.com/andrenormanlang/app/app.go:71.2,71.21 1 12
github.com/andrenormanlang/app/app.go:71.21,73.3 1 12
github.com/andrenormanlang/app/app.go:74.2,74.22 1 12
github.com/andrenormanlang/app/app.go:74.22,76.3 1 0
github.com/andrenormanlang/app/app.go:77.2,77.24 1 12
github.com/andrenormanlang/app/app.go:77.24,79.3 1 0
github.com/andrenormanlang/app/app.go:80.2,80.21 1 12
github.com/andrenormanlang/app/app.go:80.21,82.3 1 0
github.com/andrenormanlang/app/app.go:87.101,89.56 2 2
github.com/andrenormanlang/app/app.go:89.56,91.28 2 1
github.com/andrenormanlang/app/app.go:91.28,93.4 1 0
github.com/andrenormanlang/app/app.go:93.9,95.4 1 1
github.com/andrenormanlang/app/app.go:97.2,101.16 4 2
github.com/andrenormanlang/app/app.go:101.16,103.3 1 1
github.com/andrenormanlang/app/app.go:106.2,110.16 4 1
github.com/andrenormanlang/app/app.go:110.16,113.3 2 0
github.com/andrenormanlang/app/app.go:115.2,115.33 1 1
github.com/andrenormanlang/app/cache.go:21.41,23.2 1 3
github.com/andrenormanlang/app/cache.go:37.68,40.2 1 0
github.com/andrenormanlang/app/cache.go:49.66,52.37 2 2
github.com/andrenormanlang/app/cache.go:52.37,54.3 1 0
github.com/andrenormanlang/app/cache.go:56.2,63.12 4 2
github.com/andrenormanlang/app/cache.go:66.66,69.25 2 3
github.com/andrenormanlang/app/cache.go:69.25,73.47 2 0
github.com/andrenormanlang/app/cache.go:73.47,75.4 1 0
github.com/andrenormanlang/app/cache.go:75.9,78.4 2 0
github.com/andrenormanlang/app/cache.go:81.2,81.71 1 3
github.com/andrenormanlang/app/cache.go:84.40,86.2 1 0
github.com/andrenormanlang/app/cache.go:88.93,95.2 1 3
github.com/andrenormanlang/app/contact.go:15.50,16.30 1 3
github.com/andrenormanlang/app/contact.go:16.30,17.47 1 0
github.com/andrenormanlang/app/contact.go:17.47,19.100 2 0
github.com/andrenormanlang/app/contact.go:19.100,21.5 1 0
github.com/andrenormanlang/app/contact.go:22.4,22.10 1 0
github.com/andrenormanlang/app/contact.go:25.3,31.17 5 0
github.com/andrenormanlang/app/contact.go:31.17,33.96 2 0
github.com/andrenormanlang/app/contact.go:33.96,35.5 1 0
github.com/andrenormanlang/app/contact.go:36.4,36.10 1 0
github.com/andrenormanlang/app/contact.go:40.3,40.22 1 0
github.com/andrenormanlang/app/contact.go:40.22,41.116 1 0
github.com/andrenormanlang/app/contact.go:41.116,43.5 1 0
github.com/andrenormanlang/app/contact.go:44.4,44.10 1 0
github.com/andrenormanlang/app/contact.go:47.3,47.27 1 0
github.com/andrenormanlang/app/contact.go:47.27,48.120 1 0
github.com/andrenormanlang/app/contact.go:48.120,50.5 1 0
github.com/andrenormanlang/app/contact.go:51.4,51.10 1 0
github.com/andrenormanlang/app/contact.go:54.3,54.88 1 0
github.com/andrenormanlang/app/contact.go:54.88,56.4 1 0
github.com/andrenormanlang/app/contact.go:61.108,64.58 3 0
github.com/andrenormanlang/app/contact.go:64.58,66.3 1 0
github.com/andrenormanlang/app/contact.go:68.2,68.33 1 0
github.com/andrenormanlang/app/post.go:21.33,33.2 7 1
github.com/andrenormanlang/app/post.go:35.111,39.55 2 1
github.com/andrenormanlang/app/post.go:39.55,41.3 1 0
github.com/andrenormanlang/app/post.go:44.2,45.16 2 1
github.com/andrenormanlang/app/post.go:45.16,47.3 1 0
github.com/andrenormanlang/app/post.go:49.2,50.16 2 1
github.com/andrenormanlang/app/post.go:50.16,52.3 1 0
github.com/andrenormanlang/app/post.go:55.2,58.56 4 1
github.com/andrenormanlang/app/post.go:58.56,60.3 1 0
github.com/andrenormanlang/app/post.go:62.2,62.33 1 1
github.com/andrenormanlang/app/renderer.go:10.73,13.2 2 0
github.com/andrenormanlang/database/database.go:31.92,34.16 3 0
github.com/andrenormanlang/database/database.go:34.16,36.3 1 0
github.com/andrenormanlang/database/database.go:37.2,37.15 1 0
github.com/andrenormanlang/database/database.go:37.15,39.3 1 0
github.com/andrenormanlang/database/database.go:41.2,41.18 1 0
github.com/andrenormanlang/database/database.go:41.18,43.72 2 0
github.com/andrenormanlang/database/database.go:43.72,45.4 1 0
github.com/andrenormanlang/database/database.go:46.3,46.38 1 0
github.com/andrenormanlang/database/database.go:49.2,49.23 1 0
github.com/andrenormanlang/database/database.go:53.74,55.16 2 0
github.com/andrenormanlang/database/database.go:55.16,57.3 1 0
github.com/andrenormanlang/database/database.go:58.2,58.15 1 0
github.com/andrenormanlang/database/database.go:58.15,60.3 1 0
github.com/andrenormanlang/database/database.go:62.2,63.61 2 0
github.com/andrenormanlang/database/database.go:63.61,65.3 1 0
github.com/andrenormanlang/database/database.go:67.2,67.18 1 0
github.com/andrenormanlang/database/database.go:71.90,73.16 2 0
github.com/andrenormanlang/database/database.go:73.16,75.3 1 0
github.com/andrenormanlang/database/database.go:77.2,78.16 2 0
github.com/andrenormanlang/database/database.go:78.16,81.3 2 0
github.com/andrenormanlang/database/database.go:86.2,86.21 1 0
github.com/andrenormanlang/database/database.go:92.94,94.16 2 0
github.com/andrenormanlang/database/database.go:94.16,96.3 1 0
github.com/andrenormanlang/database/database.go:97.2,97.15 1 0
github.com/andrenormanlang/database/database.go:97.15,99.3 1 0
github.com/andrenormanlang/database/database.go:101.2,101.20 1 0
github.com/andrenormanlang/database/database.go:101.20,103.17 2 0
github.com/andrenormanlang/database/database.go:103.17,105.4 1 0
github.com/andrenormanlang/database/database.go:108.2,108.22 1 0
github.com/andrenormanlang/database/database.go:108.22,110.17 2 0
github.com/andrenormanlang/database/database.go:110.17,112.4 1 0
github.com/andrenormanlang/database/database.go:115.2,115.22 1 0
github.com/andrenormanlang/database/database.go:115.22,117.17 2 0
github.com/andrenormanlang/database/database.go:117.17,119.4 1 0
github.com/andrenormanlang/database/database.go:122.2,122.35 1 0
github.com/andrenormanlang/database/database.go:122.35,124.3 1 0
github.com/andrenormanlang/database/database.go:126.2,126.12 1 0
github.com/andrenormanlang/database/database.go:132.48,133.83 1 0
github.com/andrenormanlang/database/database.go:133.83,135.3 1 0
github.com/andrenormanlang/database/database.go:137.2,137.12 1 0
github.com/andrenormanlang/database/database.go:145.82,147.16 2 0
github.com/andrenormanlang/database/database.go:147.16,149.3 1 0
github.com/andrenormanlang/database/database.go:150.2,150.15 1 0
github.com/andrenormanlang/database/database.go:150.15,152.3 1 0
github.com/andrenormanlang/database/database.go:154.2,155.16 2 0
github.com/andrenormanlang/database/database.go:155.16,157.3 1 0
github.com/andrenormanlang/database/database.go:159.2,159.15 1 0
github.com/andrenormanlang/database/database.go:159.15,161.3 1 0
github.com/andrenormanlang/database/database.go:163.2,165.16 3 0
github.com/andrenormanlang/database/database.go:165.16,167.3 1 0
github.com/andrenormanlang/database/database.go:169.2,169.35 1 0
github.com/andrenormanlang/database/database.go:169.35,171.3 1 0
github.com/andrenormanlang/database/database.go:173.2,173.12 1 0
github.com/andrenormanlang/database/database.go:176.118,181.16 3 0
github.com/andrenormanlang/database/database.go:181.16,183.3 1 0
github.com/andrenormanlang/database/database.go:185.2,185.33 1 0
github.com/andrenormanlang/database/database.go:185.33,187.3 1 0
github.com/andrenormanlang/database/database.go:189.2,198.8 4 0
github.com/andrenormanlang/tests/mocks/mocks.go:14.79,16.2 1 2
github.com/andrenormanlang/tests/mocks/mocks.go:18.66,20.2 1 1
github.com/andrenormanlang/tests/mocks/mocks.go:22.91,24.2 1 0
github.com/andrenormanlang/tests/mocks/mocks.go:26.95,28.2 1 0
github.com/andrenormanlang/tests/mocks/mocks.go:30.49,32.2 1 0
github.com/andrenormanlang/tests/mocks/mocks.go:34.63,36.2 1 0
github.com/andrenormanlang/views/contact-failure_templ.go:13.67,14.110 1 0
github.com/andrenormanlang/views/contact-failure_templ.go:14.110,16.31 2 0
github.com/andrenormanlang/views/contact-failure_templ.go:16.31,19.4 2 0
github.com/andrenormanlang/views/contact-failure_templ.go:20.3,22.33 3 0
github.com/andrenormanlang/views/contact-failure_templ.go:22.33,24.4 1 0
github.com/andrenormanlang/views/contact-failure_templ.go:25.3,27.32 3 0
github.com/andrenormanlang/views/contact-failure_templ.go:27.32,29.4 1 0
github.com/andrenormanlang/views/contact-failure_templ.go:30.3,32.32 3 0
github.com/andrenormanlang/views/contact-failure_templ.go:32.32,34.4 1 0
github.com/andrenormanlang/views/contact-failure_templ.go:35.3,36.32 2 0
github.com/andrenormanlang/views/contact-failure_templ.go:36.32,38.4 1 0
github.com/andrenormanlang/views/contact-failure_templ.go:39.3,40.32 2 0
github.com/andrenormanlang/views/contact-failure_templ.go:40.32,42.4 1 0
github.com/andrenormanlang/views/contact-failure_templ.go:43.3,45.32 3 0
github.com/andrenormanlang/views/contact-failure_templ.go:45.32,47.4 1 0
github.com/andrenormanlang/views/contact-failure_templ.go:48.3,49.32 2 0
github.com/andrenormanlang/views/contact-failure_templ.go:49.32,51.4 1 0
github.com/andrenormanlang/views/contact-failure_templ.go:52.3,53.32 2 0
github.com/andrenormanlang/views/contact-failure_templ.go:53.32,55.4 1 0
github.com/andrenormanlang/views/contact-failure_templ.go:56.3,56.31 1 0
github.com/andrenormanlang/views/contact-failure_templ.go:56.31,58.4 1 0
github.com/andrenormanlang/views/contact-failure_templ.go:59.3,59.28 1 0
github.com/andrenormanlang/views/contact-success_templ.go:13.68,14.110 1 0
github.com/andrenormanlang/views/contact-success_templ.go:14.110,16.31 2 0
github.com/andrenormanlang/views/contact-success_templ.go:16.31,19.4 2 0
github.com/andrenormanlang/views/contact-success_templ.go:20.3,22.33 3 0
github.com/andrenormanlang/views/contact-success_templ.go:22.33,24.4 1 0
github.com/andrenormanlang/views/contact-success_templ.go:25.3,27.32 3 0
github.com/andrenormanlang/views/contact-success_templ.go:27.32,29.4 1 0
github.com/andrenormanlang/views/contact-success_templ.go:30.3,32.32 3 0
github.com/andrenormanlang/views/contact-success_templ.go:32.32,34.4 1 0
github.com/andrenormanlang/views/contact-success_templ.go:35.3,36.32 2 0
github.com/andrenormanlang/views/contact-success_templ.go:36.32,38.4 1 0
github.com/andrenormanlang/views/contact-success_templ.go:39.3,40.32 2 0
github.com/andrenormanlang/views/contact-success_templ.go:40.32,42.4 1 0
github.com/andrenormanlang/views/contact-success_templ.go:43.3,45.32 3 0
github.com/andrenormanlang/views/contact-success_templ.go:45.32,47.4 1 0
github.com/andrenormanlang/views/contact-success_templ.go:48.3,49.32 2 0
github.com/andrenormanlang/views/contact-success_templ.go:49.32,51.4 1 0
github.com/andrenormanlang/views/contact-success_templ.go:52.3,53.32 2 0
github.com/andrenormanlang/views/contact-success_templ.go:53.32,55.4 1 0
github.com/andrenormanlang/views/contact-success_templ.go:56.3,56.31 1 0
github.com/andrenormanlang/views/contact-success_templ.go:56.31,58.4 1 0
github.com/andrenormanlang/views/contact-success_templ.go:59.3,59.28 1 0
github.com/andrenormanlang/views/contact_templ.go:13.40,14.110 1 0
github.com/andrenormanlang/views/contact_templ.go:14.110,16.31 2 0
github.com/andrenormanlang/views/contact_templ.go:16.31,19.4 2 0
github.com/andrenormanlang/views/contact_templ.go:20.3,22.33 3 0
github.com/andrenormanlang/views/contact_templ.go:22.33,24.4 1 0
github.com/andrenormanlang/views/contact_templ.go:25.3,27.32 3 0
github.com/andrenormanlang/views/contact_templ.go:27.32,29.4 1 0
github.com/andrenormanlang/views/contact_templ.go:30.3,36.32 2 0
github.com/andrenormanlang/views/contact_templ.go:36.32,38.4 1 0
github.com/andrenormanlang/views/contact_templ.go:39.3,40.32 2 0
github.com/andrenormanlang/views/contact_templ.go:40.32,42.4 1 0
github.com/andrenormanlang/views/contact_templ.go:43.3,44.32 2 0
github.com/andrenormanlang/views/contact_templ.go:44.32,46.4 1 0
github.com/andrenormanlang/views/contact_templ.go:47.3,48.32 2 0
github.com/andrenormanlang/views/contact_templ.go:48.32,50.4 1 0
github.com/andrenormanlang/views/contact_templ.go:51.3,51.31 1 0
github.com/andrenormanlang/views/contact_templ.go:51.31,53.4 1 0
github.com/andrenormanlang/views/contact_templ.go:54.3,54.28 1 0
github.com/andrenormanlang/views/footer_templ.go:13.35,14.110 1 2
github.com/andrenormanlang/views/footer_templ.go:14.110,16.31 2 2
github.com/andrenormanlang/views/footer_templ.go:16.31,19.4 2 0
github.com/andrenormanlang/views/footer_templ.go:20.3,22.33 3 2
github.com/andrenormanlang/views/footer_templ.go:22.33,24.4 1 0
github.com/andrenormanlang/views/footer_templ.go:25.3,27.32 3 2
github.com/andrenormanlang/views/footer_templ.go:27.32,29.4 1 0
github.com/andrenormanlang/views/footer_templ.go:30.3,30.31 1 2
github.com/andrenormanlang/views/footer_templ.go:30.31,32.4 1 0
github.com/andrenormanlang/views/footer_templ.go:33.3,33.28 1 2
github.com/andrenormanlang/views/header_templ.go:18.47,19.110 1 2
github.com/andrenormanlang/views/header_templ.go:19.110,21.31 2 2
github.com/andrenormanlang/views/header_templ.go:21.31,24.4 2 0
github.com/andrenormanlang/views/header_templ.go:25.3,27.33 3 2
github.com/andrenormanlang/views/header_templ.go:27.33,29.4 1 0
github.com/andrenormanlang/views/header_templ.go:30.3,32.32 3 2
github.com/andrenormanlang/views/header_templ.go:32.32,34.4 1 0
github.com/andrenormanlang/views/header_templ.go:35.3,35.30 1 2
github.com/andrenormanlang/views/header_templ.go:35.30,37.33 2 8
github.com/andrenormanlang/views/header_templ.go:37.33,39.5 1 0
github.com/andrenormanlang/views/header_templ.go:40.4,42.33 3 8
github.com/andrenormanlang/views/header_templ.go:42.33,44.5 1 0
github.com/andrenormanlang/views/header_templ.go:45.4,46.33 2 8
github.com/andrenormanlang/views/header_templ.go:46.33,48.5 1 0
github.com/andrenormanlang/views/header_templ.go:49.4,51.33 3 8
github.com/andrenormanlang/views/header_templ.go:51.33,53.5 1 0
github.com/andrenormanlang/views/header_templ.go:54.4,55.33 2 8
github.com/andrenormanlang/views/header_templ.go:55.33,57.5 1 0
github.com/andrenormanlang/views/header_templ.go:58.4,59.33 2 8
github.com/andrenormanlang/views/header_templ.go:59.33,61.5 1 0
github.com/andrenormanlang/views/header_templ.go:63.3,64.32 2 2
github.com/andrenormanlang/views/header_templ.go:64.32,66.4 1 0
github.com/andrenormanlang/views/header_templ.go:67.3,67.31 1 2
github.com/andrenormanlang/views/header_templ.go:67.31,69.4 1 0
github.com/andrenormanlang/views/header_templ.go:70.3,70.28 1 2
github.com/andrenormanlang/views/index_templ.go:18.46,19.110 1 1
github.com/andrenormanlang/views/index_templ.go:19.110,21.31 2 1
github.com/andrenormanlang/views/index_templ.go:21.31,24.4 2 0
github.com/andrenormanlang/views/index_templ.go:25.3,27.33 3 1
github.com/andrenormanlang/views/index_templ.go:27.33,29.4 1 0
github.com/andrenormanlang/views/index_templ.go:30.3,32.32 3 1
github.com/andrenormanlang/views/index_templ.go:32.32,34.4 1 0
github.com/andrenormanlang/views/index_templ.go:35.3,41.32 2 1
github.com/andrenormanlang/views/index_templ.go:41.32,43.4 1 0
github.com/andrenormanlang/views/index_templ.go:44.3,45.32 2 1
github.com/andrenormanlang/views/index_templ.go:45.32,47.4 1 0
github.com/andrenormanlang/views/index_templ.go:48.3,48.30 1 1
github.com/andrenormanlang/views/index_templ.go:48.30,50.33 2 1
github.com/andrenormanlang/views/index_templ.go:50.33,52.5 1 0
github.com/andrenormanlang/views/index_templ.go:53.4,55.33 3 1
github.com/andrenormanlang/views/index_templ.go:55.33,57.5 1 0
github.com/andrenormanlang/views/index_templ.go:58.4,59.33 2 1
github.com/andrenormanlang/views/index_templ.go:59.33,61.5 1 0
github.com/andrenormanlang/views/index_templ.go:62.4,63.33 2 1
github.com/andrenormanlang/views/index_templ.go:63.33,65.5 1 0
github.com/andrenormanlang/views/index_templ.go:66.4,68.33 3 1
github.com/andrenormanlang/views/index_templ.go:68.33,70.5 1 0
github.com/andrenormanlang/views/index_templ.go:71.4,72.33 2 1
github.com/andrenormanlang/views/index_templ.go:72.33,74.5 1 0
github.com/andrenormanlang/views/index_templ.go:75.4,76.33 2 1
github.com/andrenormanlang/views/index_templ.go:76.33,78.5 1 0
github.com/andrenormanlang/views/index_templ.go:79.4,81.33 3 1
github.com/andrenormanlang/views/index_templ.go:81.33,83.5 1 0
github.com/andrenormanlang/views/index_templ.go:84.4,85.33 2 1
github.com/andrenormanlang/views/index_templ.go:85.33,87.5 1 0
github.com/andrenormanlang/views/index_templ.go:89.3,90.32 2 1
github.com/andrenormanlang/views/index_templ.go:90.32,92.4 1 0
github.com/andrenormanlang/views/index_templ.go:93.3,94.32 2 1
github.com/andrenormanlang/views/index_templ.go:94.32,96.4 1 0
github.com/andrenormanlang/views/index_templ.go:97.3,98.32 2 1
github.com/andrenormanlang/views/index_templ.go:98.32,100.4 1 0
github.com/andrenormanlang/views/index_templ.go:101.3,101.31 1 1
github.com/andrenormanlang/views/index_templ.go:101.31,103.4 1 0
github.com/andrenormanlang/views/index_templ.go:104.3,104.28 1 1
github.com/andrenormanlang/views/post_templ.go:13.65,14.110 1 1
github.com/andrenormanlang/views/post_templ.go:14.110,16.31 2 1
github.com/andrenormanlang/views/post_templ.go:16.31,19.4 2 0
github.com/andrenormanlang/views/post_templ.go:20.3,22.33 3 1
github.com/andrenormanlang/views/post_templ.go:22.33,24.4 1 0
github.com/andrenormanlang/views/post_templ.go:25.3,27.32 3 1
github.com/andrenormanlang/views/post_templ.go:27.32,29.4 1 0
github.com/andrenormanlang/views/post_templ.go:30.3,36.32 2 1
github.com/andrenormanlang/views/post_templ.go:36.32,38.4 1 0
github.com/andrenormanlang/views/post_templ.go:39.3,40.32 2 1
github.com/andrenormanlang/views/post_templ.go:40.32,42.4 1 0
github.com/andrenormanlang/views/post_templ.go:43.3,45.32 3 1
github.com/andrenormanlang/views/post_templ.go:45.32,47.4 1 0
github.com/andrenormanlang/views/post_templ.go:48.3,49.32 2 1
github.com/andrenormanlang/views/post_templ.go:49.32,51.4 1 0
github.com/andrenormanlang/views/post_templ.go:52.3,53.32 2 1
github.com/andrenormanlang/views/post_templ.go:53.32,55.4 1 0
github.com/andrenormanlang/views/post_templ.go:56.3,57.32 2 1
github.com/andrenormanlang/views/post_templ.go:57.32,59.4 1 0
github.com/andrenormanlang/views/post_templ.go:60.3,61.32 2 1
github.com/andrenormanlang/views/post_templ.go:61.32,63.4 1 0
github.com/andrenormanlang/views/post_templ.go:64.3,65.32 2 1
github.com/andrenormanlang/views/post_templ.go:65.32,67.4 1 0
github.com/andrenormanlang/views/post_templ.go:68.3,69.32 2 1
github.com/andrenormanlang/views/post_templ.go:69.32,71.4 1 0
github.com/andrenormanlang/views/post_templ.go:72.3,72.31 1 1
github.com/andrenormanlang/views/post_templ.go:72.31,74.4 1 0
github.com/andrenormanlang/views/post_templ.go:75.3,75.28 1 1
github.com/andrenormanlang/views/contact-failure_templ.go:13.67,14.110 1 0
github.com/andrenormanlang/views/contact-failure_templ.go:14.110,16.31 2 0
github.com/andrenormanlang/views/contact-failure_templ.go:16.31,19.4 2 0
github.com/andrenormanlang/views/contact-failure_templ.go:20.3,22.33 3 0
github.com/andrenormanlang/views/contact-failure_templ.go:22.33,24.4 1 0
github.com/andrenormanlang/views/contact-failure_templ.go:25.3,27.32 3 0
github.com/andrenormanlang/views/contact-failure_templ.go:27.32,29.4 1 0
github.com/andrenormanlang/views/contact-failure_templ.go:30.3,32.32 3 0
github.com/andrenormanlang/views/contact-failure_templ.go:32.32,34.4 1 0
github.com/andrenormanlang/views/contact-failure_templ.go:35.3,36.32 2 0
github.com/andrenormanlang/views/contact-failure_templ.go:36.32,38.4 1 0
github.com/andrenormanlang/views/contact-failure_templ.go:39.3,40.32 2 0
github.com/andrenormanlang/views/contact-failure_templ.go:40.32,42.4 1 0
github.com/andrenormanlang/views/contact-failure_templ.go:43.3,45.32 3 0
github.com/andrenormanlang/views/contact-failure_templ.go:45.32,47.4 1 0
github.com/andrenormanlang/views/contact-failure_templ.go:48.3,49.32 2 0
github.com/andrenormanlang/views/contact-failure_templ.go:49.32,51.4 1 0
github.com/andrenormanlang/views/contact-failure_templ.go:52.3,53.32 2 0
github.com/andrenormanlang/views/contact-failure_templ.go:53.32,55.4 1 0
github.com/andrenormanlang/views/contact-failure_templ.go:56.3,56.31 1 0
github.com/andrenormanlang/views/contact-failure_templ.go:56.31,58.4 1 0
github.com/andrenormanlang/views/contact-failure_templ.go:59.3,59.28 1 0
github.com/andrenormanlang/views/contact-success_templ.go:13.68,14.110 1 0
github.com/andrenormanlang/views/contact-success_templ.go:14.110,16.31 2 0
github.com/andrenormanlang/views/contact-success_templ.go:16.31,19.4 2 0
github.com/andrenormanlang/views/contact-success_templ.go:20.3,22.33 3 0
github.com/andrenormanlang/views/contact-success_templ.go:22.33,24.4 1 0
github.com/andrenormanlang/views/contact-success_templ.go:25.3,27.32 3 0
github.com/andrenormanlang/views/contact-success_templ.go:27.32,29.4 1 0
github.com/andrenormanlang/views/contact-success_templ.go:30.3,32.32 3 0
github.com/andrenormanlang/views/contact-success_templ.go:32.32,34.4 1 0
github.com/andrenormanlang/views/contact-success_templ.go:35.3,36.32 2 0
github.com/andrenormanlang/views/contact-success_templ.go:36.32,38.4 1 0
github.com/andrenormanlang/views/contact-success_templ.go:39.3,40.32 2 0
github.com/andrenormanlang/views/contact-success_templ.go:40.32,42.4 1 0
github.com/andrenormanlang/views/contact-success_templ.go:43.3,45.32 3 0
github.com/andrenormanlang/views/contact-success_templ.go:45.32,47.4 1 0
github.com/andrenormanlang/views/contact-success_templ.go:48.3,49.32 2 0
github.com/andrenormanlang/views/contact-success_templ.go:49.32,51.4 1 0
github.com/andrenormanlang/views/contact-success_templ.go:52.3,53.32 2 0
github.com/andrenormanlang/views/contact-success_templ.go:53.32,55.4 1 0
github.com/andrenormanlang/views/contact-success_templ.go:56.3,56.31 1 0
github.com/andrenormanlang/views/contact-success_templ.go:56.31,58.4 1 0
github.com/andrenormanlang/views/contact-success_templ.go:59.3,59.28 1 0
github.com/andrenormanlang/views/contact_templ.go:13.40,14.110 1 0
github.com/andrenormanlang/views/contact_templ.go:14.110,16.31 2 0
github.com/andrenormanlang/views/contact_templ.go:16.31,19.4 2 0
github.com/andrenormanlang/views/contact_templ.go:20.3,22.33 3 0
github.com/andrenormanlang/views/contact_templ.go:22.33,24.4 1 0
github.com/andrenormanlang/views/contact_templ.go:25.3,27.32 3 0
github.com/andrenormanlang/views/contact_templ.go:27.32,29.4 1 0
github.com/andrenormanlang/views/contact_templ.go:30.3,36.32 2 0
github.com/andrenormanlang/views/contact_templ.go:36.32,38.4 1 0
github.com/andrenormanlang/views/contact_templ.go:39.3,40.32 2 0
github.com/andrenormanlang/views/contact_templ.go:40.32,42.4 1 0
github.com/andrenormanlang/views/contact_templ.go:43.3,44.32 2 0
github.com/andrenormanlang/views/contact_templ.go:44.32,46.4 1 0
github.com/andrenormanlang/views/contact_templ.go:47.3,48.32 2 0
github.com/andrenormanlang/views/contact_templ.go:48.32,50.4 1 0
github.com/andrenormanlang/views/contact_templ.go:51.3,51.31 1 0
github.com/andrenormanlang/views/contact_templ.go:51.31,53.4 1 0
github.com/andrenormanlang/views/contact_templ.go:54.3,54.28 1 0
github.com/andrenormanlang/views/footer_templ.go:13.35,14.110 1 0
github.com/andrenormanlang/views/footer_templ.go:14.110,16.31 2 0
github.com/andrenormanlang/views/footer_templ.go:16.31,19.4 2 0
github.com/andrenormanlang/views/footer_templ.go:20.3,22.33 3 0
github.com/andrenormanlang/views/footer_templ.go:22.33,24.4 1 0
github.com/andrenormanlang/views/footer_templ.go:25.3,27.32 3 0
github.com/andrenormanlang/views/footer_templ.go:27.32,29.4 1 0
github.com/andrenormanlang/views/footer_templ.go:30.3,30.31 1 0
github.com/andrenormanlang/views/footer_templ.go:30.31,32.4 1 0
github.com/andrenormanlang/views/footer_templ.go:33.3,33.28 1 0
github.com/andrenormanlang/views/header_templ.go:18.47,19.110 1 0
github.com/andrenormanlang/views/header_templ.go:19.110,21.31 2 0
github.com/andrenormanlang/views/header_templ.go:21.31,24.4 2 0
github.com/andrenormanlang/views/header_templ.go:25.3,27.33 3 0
github.com/andrenormanlang/views/header_templ.go:27.33,29.4 1 0
github.com/andrenormanlang/views/header_templ.go:30.3,32.32 3 0
github.com/andrenormanlang/views/header_templ.go:32.32,34.4 1 0
github.com/andrenormanlang/views/header_templ.go:35.3,35.30 1 0
github.com/andrenormanlang/views/header_templ.go:35.30,37.33 2 0
github.com/andrenormanlang/views/header_templ.go:37.33,39.5 1 0
github.com/andrenormanlang/views/header_templ.go:40.4,42.33 3 0
github.com/andrenormanlang/views/header_templ.go:42.33,44.5 1 0
github.com/andrenormanlang/views/header_templ.go:45.4,46.33 2 0
github.com/andrenormanlang/views/header_templ.go:46.33,48.5 1 0
github.com/andrenormanlang/views/header_templ.go:49.4,51.33 3 0
github.com/andrenormanlang/views/header_templ.go:51.33,53.5 1 0
github.com/andrenormanlang/views/header_templ.go:54.4,55.33 2 0
github.com/andrenormanlang/views/header_templ.go:55.33,57.5 1 0
github.com/andrenormanlang/views/header_templ.go:58.4,59.33 2 0
github.com/andrenormanlang/views/header_templ.go:59.33,61.5 1 0
github.com/andrenormanlang/views/header_templ.go:63.3,64.32 2 0
github.com/andrenormanlang/views/header_templ.go:64.32,66.4 1 0
github.com/andrenormanlang/views/header_templ.go:67.3,67.31 1 0
github.com/andrenormanlang/views/header_templ.go:67.31,69.4 1 0
github.com/andrenormanlang/views/header_templ.go:70.3,70.28 1 0
github.com/andrenormanlang/views/index_templ.go:18.46,19.110 1 0
github.com/andrenormanlang/views/index_templ.go:19.110,21.31 2 0
github.com/andrenormanlang/views/index_templ.go:21.31,24.4 2 0
github.com/andrenormanlang/views/index_templ.go:25.3,27.33 3 0
github.com/andrenormanlang/views/index_templ.go:27.33,29.4 1 0
github.com/andrenormanlang/views/index_templ.go:30.3,32.32 3 0
github.com/andrenormanlang/views/index_templ.go:32.32,34.4 1 0
github.com/andrenormanlang/views/index_templ.go:35.3,41.32 2 0
github.com/andrenormanlang/views/index_templ.go:41.32,43.4 1 0
github.com/andrenormanlang/views/index_templ.go:44.3,45.32 2 0
github.com/andrenormanlang/views/index_templ.go:45.32,47.4 1 0
github.com/andrenormanlang/views/index_templ.go:48.3,48.30 1 0
github.com/andrenormanlang/views/index_templ.go:48.30,50.33 2 0
github.com/andrenormanlang/views/index_templ.go:50.33,52.5 1 0
github.com/andrenormanlang/views/index_templ.go:53.4,55.33 3 0
github.com/andrenormanlang/views/index_templ.go:55.33,57.5 1 0
github.com/andrenormanlang/views/index_templ.go:58.4,59.33 2 0
github.com/andrenormanlang/views/index_templ.go:59.33,61.5 1 0
github.com/andrenormanlang/views/index_templ.go:62.4,63.33 2 0
github.com/andrenormanlang/views/index_templ.go:63.33,65.5 1 0
github.com/andrenormanlang/views/index_templ.go:66.4,68.33 3 0
github.com/andrenormanlang/views/index_templ.go:68.33,70.5 1 0
github.com/andrenormanlang/views/index_templ.go:71.4,72.33 2 0
github.com/andrenormanlang/views/index_templ.go:72.33,74.5 1 0
github.com/andrenormanlang/views/index_templ.go:75.4,76.33 2 0
github.com/andrenormanlang/views/index_templ.go:76.33,78.5 1 0
github.com/andrenormanlang/views/index_templ.go:79.4,81.33 3 0
github.com/andrenormanlang/views/index_templ.go:81.33,83.5 1 0
github.com/andrenormanlang/views/index_templ.go:84.4,85.33 2 0
github.com/andrenormanlang/views/index_templ.go:85.33,87.5 1 0
github.com/andrenormanlang/views/index_templ.go:89.3,90.32 2 0
github.com/andrenormanlang/views/index_templ.go:90.32,92.4 1 0
github.com/andrenormanlang/views/index_templ.go:93.3,94.32 2 0
github.com/andrenormanlang/views/index_templ.go:94.32,96.4 1 0
github.com/andrenormanlang/views/index_templ.go:97.3,98.32 2 0
github.com/andrenormanlang/views/index_templ.go:98.32,100.4 1 0
github.com/andrenormanlang/views/index_templ.go:101.3,101.31 1 0
github.com/andrenormanlang/views/index_templ.go:101.31,103.4 1 0
github.com/andrenormanlang/views/index_templ.go:104.3,104.28 1 0
github.com/andrenormanlang/views/post_templ.go:13.65,14.110 1 0
github.com/andrenormanlang/views/post_templ.go:14.110,16.31 2 0
github.com/andrenormanlang/views/post_templ.go:16.31,19.4 2 0
github.com/andrenormanlang/views/post_templ.go:20.3,22.33 3 0
github.com/andrenormanlang/views/post_templ.go:22.33,24.4 1 0
github.com/andrenormanlang/views/post_templ.go:25.3,27.32 3 0
github.com/andrenormanlang/views/post_templ.go:27.32,29.4 1 0
github.com/andrenormanlang/views/post_templ.go:30.3,36.32 2 0
github.com/andrenormanlang/views/post_templ.go:36.32,38.4 1 0
github.com/andrenormanlang/views/post_templ.go:39.3,40.32 2 0
github.com/andrenormanlang/views/post_templ.go:40.32,42.4 1 0
github.com/andrenormanlang/views/post_templ.go:43.3,45.32 3 0
github.com/andrenormanlang/views/post_templ.go:45.32,47.4 1 0
github.com/andrenormanlang/views/post_templ.go:48.3,49.32 2 0
github.com/andrenormanlang/views/post_templ.go:49.32,51.4 1 0
github.com/andrenormanlang/views/post_templ.go:52.3,53.32 2 0
github.com/andrenormanlang/views/post_templ.go:53.32,55.4 1 0
github.com/andrenormanlang/views/post_templ.go:56.3,57.32 2 0
github.com/andrenormanlang/views/post_templ.go:57.32,59.4 1 0
github.com/andrenormanlang/views/post_templ.go:60.3,61.32 2 0
github.com/andrenormanlang/views/post_templ.go:61.32,63.4 1 0
github.com/andrenormanlang/views/post_templ.go:64.3,65.32 2 0
github.com/andrenormanlang/views/post_templ.go:65.32,67.4 1 0
github.com/andrenormanlang/views/post_templ.go:68.3,69.32 2 0
github.com/andrenormanlang/views/post_templ.go:69.32,71.4 1 0
github.com/andrenormanlang/views/post_templ.go:72.3,72.31 1 0
github.com/andrenormanlang/views/post_templ.go:72.31,74.4 1 0
github.com/andrenormanlang/views/post_templ.go:75.3,75.28 1 0
github.com/andrenormanlang/views/tailwind/footer_templ.go:13.35,14.110 1 0
github.com/andrenormanlang/views/tailwind/footer_templ.go:14.110,16.31 2 0
github.com/andrenormanlang/views/tailwind/footer_templ.go:16.31,19.4 2 0
github.com/andrenormanlang/views/tailwind/footer_templ.go:20.3,22.33 3 0
github.com/andrenormanlang/views/tailwind/footer_templ.go:22.33,24.4 1 0
github.com/andrenormanlang/views/tailwind/footer_templ.go:25.3,27.32 3 0
github.com/andrenormanlang/views/tailwind/footer_templ.go:27.32,29.4 1 0
github.com/andrenormanlang/views/tailwind/footer_templ.go:30.3,30.31 1 0
github.com/andrenormanlang/views/tailwind/footer_templ.go:30.31,32.4 1 0
github.com/andrenormanlang/views/tailwind/footer_templ.go:33.3,33.28 1 0
github.com/andrenormanlang/views/tailwind/header_templ.go:18.47,19.110 1 0
github.com/andrenormanlang/views/tailwind/header_templ.go:19.110,21.31 2 0
github.com/andrenormanlang/views/tailwind/header_templ.go:21.31,24.4 2 0
github.com/andrenormanlang/views/tailwind/header_templ.go:25.3,27.33 3 0
github.com/andrenormanlang/views/tailwind/header_templ.go:27.33,29.4 1 0
github.com/andrenormanlang/views/tailwind/header_templ.go:30.3,32.32 3 0
github.com/andrenormanlang/views/tailwind/header_templ.go:32.32,34.4 1 0
github.com/andrenormanlang/views/tailwind/header_templ.go:35.3,35.30 1 0
github.com/andrenormanlang/views/tailwind/header_templ.go:35.30,37.33 2 0
github.com/andrenormanlang/views/tailwind/header_templ.go:37.33,39.5 1 0
github.com/andrenormanlang/views/tailwind/header_templ.go:40.4,42.33 3 0
github.com/andrenormanlang/views/tailwind/header_templ.go:42.33,44.5 1 0
github.com/andrenormanlang/views/tailwind/header_templ.go:45.4,46.33 2 0
github.com/andrenormanlang/views/tailwind/header_templ.go:46.33,48.5 1 0
github.com/andrenormanlang/views/tailwind/header_templ.go:49.4,51.33 3 0
github.com/andrenormanlang/views/tailwind/header_templ.go:51.33,53.5 1 0
github.com/andrenormanlang/views/tailwind/header_templ.go:54.4,55.33 2 0
github.com/andrenormanlang/views/tailwind/header_templ.go:55.33,57.5 1 0
github.com/andrenormanlang/views/tailwind/header_templ.go:58.4,59.33 2 0
github.com/andrenormanlang/views/tailwind/header_templ.go:59.33,61.5 1 0
github.com/andrenormanlang/views/tailwind/header_templ.go:63.3,64.32 2 0
github.com/andrenormanlang/views/tailwind/header_templ.go:64.32,66.4 1 0
github.com/andrenormanlang/views/tailwind/header_templ.go:67.3,67.31 1 0
github.com/andrenormanlang/views/tailwind/header_templ.go:67.31,69.4 1 0
github.com/andrenormanlang/views/tailwind/header_templ.go:70.3,70.28 1 0
github.com/andrenormanlang/views/tailwind/index_templ.go:18.46,19.110 1 0
github.com/andrenormanlang/views/tailwind/index_templ.go:19.110,21.31 2 0
github.com/andrenormanlang/views/tailwind/index_templ.go:21.31,24.4 2 0
github.com/andrenormanlang/views/tailwind/index_templ.go:25.3,27.33 3 0
github.com/andrenormanlang/views/tailwind/index_templ.go:27.33,29.4 1 0
github.com/andrenormanlang/views/tailwind/index_templ.go:30.3,32.32 3 0
github.com/andrenormanlang/views/tailwind/index_templ.go:32.32,34.4 1 0
github.com/andrenormanlang/views/tailwind/index_templ.go:35.3,43.32 2 0
github.com/andrenormanlang/views/tailwind/index_templ.go:43.32,45.4 1 0
github.com/andrenormanlang/views/tailwind/index_templ.go:46.3,47.32 2 0
github.com/andrenormanlang/views/tailwind/index_templ.go:47.32,49.4 1 0
github.com/andrenormanlang/views/tailwind/index_templ.go:50.3,50.30 1 0
github.com/andrenormanlang/views/tailwind/index_templ.go:50.30,52.33 2 0
github.com/andrenormanlang/views/tailwind/index_templ.go:52.33,54.5 1 0
github.com/andrenormanlang/views/tailwind/index_templ.go:55.4,57.33 3 0
github.com/andrenormanlang/views/tailwind/index_templ.go:57.33,59.5 1 0
github.com/andrenormanlang/views/tailwind/index_templ.go:60.4,61.33 2 0
github.com/andrenormanlang/views/tailwind/index_templ.go:61.33,63.5 1 0
github.com/andrenormanlang/views/tailwind/index_templ.go:64.4,65.33 2 0
github.com/andrenormanlang/views/tailwind/index_templ.go:65.33,67.5 1 0
github.com/andrenormanlang/views/tailwind/index_templ.go:68.4,70.33 3 0
github.com/andrenormanlang/views/tailwind/index_templ.go:70.33,72.5 1 0
github.com/andrenormanlang/views/tailwind/index_templ.go:73.4,74.33 2 0
github.com/andrenormanlang/views/tailwind/index_templ.go:74.33,76.5 1 0
github.com/andrenormanlang/views/tailwind/index_templ.go:77.4,78.33 2 0
github.com/andrenormanlang/views/tailwind/index_templ.go:78.33,80.5 1 0
github.com/andrenormanlang/views/tailwind/index_templ.go:81.4,83.33 3 0
github.com/andrenormanlang/views/tailwind/index_templ.go:83.33,85.5 1 0
github.com/andrenormanlang/views/tailwind/index_templ.go:86.4,87.33 2 0
github.com/andrenormanlang/views/tailwind/index_templ.go:87.33,89.5 1 0
github.com/andrenormanlang/views/tailwind/index_templ.go:91.3,92.32 2 0
github.com/andrenormanlang/views/tailwind/index_templ.go:92.32,94.4 1 0
github.com/andrenormanlang/views/tailwind/index_templ.go:95.3,96.32 2 0
github.com/andrenormanlang/views/tailwind/index_templ.go:96.32,98.4 1 0
github.com/andrenormanlang/views/tailwind/index_templ.go:99.3,100.32 2 0
github.com/andrenormanlang/views/tailwind/index_templ.go:100.32,102.4 1 0
github.com/andrenormanlang/views/tailwind/index_templ.go:103.3,103.31 1 0
github.com/andrenormanlang/views/tailwind/index_templ.go:103.31,105.4 1 0
github.com/andrenormanlang/views/tailwind/index_templ.go:106.3,106.28 1 0
